Base path: 'C:/Program Files/Unity/Hub/Editor/2019.2.9f1/Editor/Data', plugins path 'C:/Program Files/Unity/Hub/Editor/2019.2.9f1/Editor/Data/PlaybackEngines'
Cmd: initializeCompiler
Cmd: compileComputeKernel
  api=4 insize=19040 outsize=4952 ok=1
Cmd: compileComputeKernel
  api=4 insize=15806 outsize=15248 ok=1
Cmd: compileComputeKernel
  api=4 insize=15806 outsize=14004 ok=1
Cmd: compileComputeKernel
  api=4 insize=15806 outsize=15259 ok=1
Cmd: compileComputeKernel
  api=4 insize=15806 outsize=35435 ok=1
Cmd: compileComputeKernel
  api=4 insize=15806 outsize=34048 ok=1
Cmd: compileComputeKernel
  api=4 insize=3396 outsize=2521 ok=1
Cmd: compileComputeKernel
  api=4 insize=12177 outsize=953 ok=1
Cmd: compileComputeKernel
  api=4 insize=22088 outsize=15086 ok=1
Cmd: compileComputeKernel
  api=4 insize=5435 outsize=6437 ok=1
Cmd: compileComputeKernel
  api=4 insize=37247 outsize=37474 ok=1
Cmd: compileSnippet
  api=4 type=1 insize=6855 outsize=142 kw=_NORMALMAP_TANGENT_SPACE _NORMALMAP _MASKMAP _ANISOTROPYMAP pd=UNITY_ENABLE_REFLECTION_BUFFERS UNITY_USE_DITHER_MASK_FOR_ALPHABLENDED_SHADOWS UNITY_PBS_USE_BRDF1 UNITY_SPECCUBE_BOX_PROJECTION UNITY_SPECCUBE_BLENDING UNITY_ENABLE_DETAIL_NORMALMAP SHADER_API_DESKTOP UNITY_LIGHT_PROBE_PROXY_VOLUME UNITY_LIGHTMAP_FULL_HDR ok=1
